<?xml version="1.0" encoding="UTF-8"?>
<testng-results ignored="0" total="1" passed="0" failed="1" skipped="0">
  <reporter-output>
  </reporter-output>
  <suite started-at="2022-07-28T08:37:50 IST" name="Testing_Suite" finished-at="2022-07-28T08:38:14 IST" duration-ms="24188">
    <groups>
    </groups>
    <test started-at="2022-07-28T08:37:50 IST" name="Smoke_Test_inChrome" finished-at="2022-07-28T08:38:14 IST" duration-ms="24188">
      <class name="MindQ.SeleniumTestngFrameworkJune.LoginTestCaseFromExcel">
        <test-method is-config="true" signature="launchApplication(java.lang.String)[pri:0, instance:MindQ.SeleniumTestngFrameworkJune.LoginTestCaseFromExcel@3c19aaa5]" started-at="2022-07-28T08:37:50 IST" name="launchApplication" finished-at="2022-07-28T08:38:05 IST" duration-ms="15342" status="PASS">
          <params>
            <param index="0">
              <value>
                <![CDATA[Chrome]]>
              </value>
            </param>
          </params>
          <reporter-output>
          </reporter-output>
        </test-method> <!-- launchApplication -->
        <test-method signature="loginUsingInvalidCredentialsAndWriteResult()[pri:0, instance:MindQ.SeleniumTestngFrameworkJune.LoginTestCaseFromExcel@3c19aaa5]" started-at="2022-07-28T08:38:05 IST" name="loginUsingInvalidCredentialsAndWriteResult" finished-at="2022-07-28T08:38:14 IST" duration-ms="8506" status="FAIL">
          <exception class="java.lang.AssertionError">
            <message>
              <![CDATA[The following asserts failed:
Test case is failed expected [false] but found [true],
Test case is failed expected [false] but found [true],
Test case is failed expected [false] but found [true]]]>
            </message>
            <full-stacktrace>
              <![CDATA[java.lang.AssertionError: The following asserts failed:
Test case is failed expected [false] but found [true],
Test case is failed expected [false] but found [true],
Test case is failed expected [false] but found [true]
at org.testng.asserts.SoftAssert.assertAll(SoftAssert.java:47)
at org.testng.asserts.SoftAssert.assertAll(SoftAssert.java:31)
at MindQ.SeleniumTestngFrameworkJune.LoginTestCaseFromExcel.loginUsingInvalidCredentialsAndWriteResult(LoginTestCaseFromExcel.java:131)
at java.base/jdk.internal.reflect.NativeMethodAccessorImpl.invoke0(Native Method)
at java.base/jdk.internal.reflect.NativeMethodAccessorImpl.invoke(NativeMethodAccessorImpl.java:77)
at java.base/jdk.internal.reflect.DelegatingMethodAccessorImpl.invoke(DelegatingMethodAccessorImpl.java:43)
at java.base/java.lang.reflect.Method.invoke(Method.java:568)
at org.testng.internal.MethodInvocationHelper.invokeMethod(MethodInvocationHelper.java:133)
at org.testng.internal.TestInvoker.invokeMethod(TestInvoker.java:598)
at org.testng.internal.TestInvoker.invokeTestMethod(TestInvoker.java:173)
at org.testng.internal.MethodRunner.runInSequence(MethodRunner.java:46)
at org.testng.internal.TestInvoker$MethodInvocationAgent.invoke(TestInvoker.java:824)
at org.testng.internal.TestInvoker.invokeTestMethods(TestInvoker.java:146)
at org.testng.internal.TestMethodWorker.invokeTestMethods(TestMethodWorker.java:146)
at org.testng.internal.TestMethodWorker.run(TestMethodWorker.java:128)
at java.base/java.util.ArrayList.forEach(ArrayList.java:1511)
at org.testng.TestRunner.privateRun(TestRunner.java:794)
at org.testng.TestRunner.run(TestRunner.java:596)
at org.testng.SuiteRunner.runTest(SuiteRunner.java:377)
at org.testng.SuiteRunner.runSequentially(SuiteRunner.java:371)
at org.testng.SuiteRunner.privateRun(SuiteRunner.java:332)
at org.testng.SuiteRunner.run(SuiteRunner.java:276)
at org.testng.SuiteRunnerWorker.runSuite(SuiteRunnerWorker.java:53)
at org.testng.SuiteRunnerWorker.run(SuiteRunnerWorker.java:96)
at org.testng.TestNG.runSuitesSequentially(TestNG.java:1212)
at org.testng.TestNG.runSuitesLocally(TestNG.java:1134)
at org.testng.TestNG.runSuites(TestNG.java:1063)
at org.testng.TestNG.run(TestNG.java:1031)
at org.testng.remote.AbstractRemoteTestNG.run(AbstractRemoteTestNG.java:115)
at org.testng.remote.RemoteTestNG.initAndRun(RemoteTestNG.java:251)
at org.testng.remote.RemoteTestNG.main(RemoteTestNG.java:77)
]]>
            </full-stacktrace>
          </exception> <!-- java.lang.AssertionError -->
          <reporter-output>
          </reporter-output>
        </test-method> <!-- loginUsingInvalidCredentialsAndWriteResult -->
      </class> <!-- MindQ.SeleniumTestngFrameworkJune.LoginTestCaseFromExcel -->
    </test> <!-- Smoke_Test_inChrome -->
  </suite> <!-- Testing_Suite -->
</testng-results>
